--- DOCKER COMPOSE PS ---
NAME              IMAGE                                          COMMAND                  SERVICE   CREATED         STATUS                   PORTS
lakehouse-minio   minio/minio:latest                             "/usr/bin/docker-ent…"   minio     6 minutes ago   Up 6 minutes (healthy)   0.0.0.0:9000-9001->9000-9001/tcp, [::]:9000-9001->9000-9001/tcp
lakehouse-spark   quay.io/jupyter/pyspark-notebook:spark-3.5.0   "tini -g -- start.sh…"   spark     6 minutes ago   Up 6 minutes (healthy)   0.0.0.0:4040->4040/tcp, [::]:4040->4040/tcp, 0.0.0.0:8888->8888/tcp, [::]:8888->8888/tcp
--- LAST SPARK LOGS ---
      File "/opt/conda/lib/python3.11/site-packages/jupyter_server/base/handlers.py", line 763, in get_login_url
        raise web.HTTPError(403)
    tornado.web.HTTPError: HTTP 403: Forbidden
[W 2026-06-22 04:25:09.897 ServerApp] 403 GET /api/sessions?1782102309889 (@172.19.0.1) 1.68ms referer=http://localhost:8888/lab/tree/04_medallion.ipynb
[W 2026-06-22 04:25:09.898 ServerApp] wrote error: 'Forbidden'
    Traceback (most recent call last):
      File "/opt/conda/lib/python3.11/site-packages/tornado/web.py", line 1788, in _execute
        result = method(*self.path_args, **self.path_kwargs)
                 ^^^^^^^^^^^^^^^^^^^^^^^^^^^^^^^^^^^^^^^^^^^
      File "/opt/conda/lib/python3.11/site-packages/tornado/web.py", line 3289, in wrapper
        url = self.get_login_url()
              ^^^^^^^^^^^^^^^^^^^^
      File "/opt/conda/lib/python3.11/site-packages/jupyter_server/base/handlers.py", line 763, in get_login_url
        raise web.HTTPError(403)
    tornado.web.HTTPError: HTTP 403: Forbidden
[W 2026-06-22 04:25:09.899 ServerApp] 403 GET /api/kernels?1782102309890 (@172.19.0.1) 0.99ms referer=http://localhost:8888/lab/tree/04_medallion.ipynb
[W 2026-06-22 04:25:20.949 TerminalsExtensionApp] wrote error: 'Forbidden'
    Traceback (most recent call last):
      File "/opt/conda/lib/python3.11/site-packages/tornado/web.py", line 1788, in _execute
        result = method(*self.path_args, **self.path_kwargs)
                 ^^^^^^^^^^^^^^^^^^^^^^^^^^^^^^^^^^^^^^^^^^^
      File "/opt/conda/lib/python3.11/site-packages/tornado/web.py", line 3289, in wrapper
        url = self.get_login_url()
              ^^^^^^^^^^^^^^^^^^^^
      File "/opt/conda/lib/python3.11/site-packages/jupyter_server/base/handlers.py", line 763, in get_login_url
        raise web.HTTPError(403)
    tornado.web.HTTPError: HTTP 403: Forbidden
[W 2026-06-22 04:25:20.949 TerminalsExtensionApp] 403 GET /api/terminals?1782102320898 (@172.19.0.1) 0.55ms referer=http://localhost:8888/lab/tree/04_medallion.ipynb
[W 2026-06-22 04:25:26.928 LabApp] wrote error: 'Forbidden'
    Traceback (most recent call last):
      File "/opt/conda/lib/python3.11/site-packages/tornado/web.py", line 1788, in _execute
        result = method(*self.path_args, **self.path_kwargs)
                 ^^^^^^^^^^^^^^^^^^^^^^^^^^^^^^^^^^^^^^^^^^^
      File "/opt/conda/lib/python3.11/site-packages/tornado/web.py", line 3289, in wrapper
        url = self.get_login_url()
              ^^^^^^^^^^^^^^^^^^^^
      File "/opt/conda/lib/python3.11/site-packages/jupyter_server/base/handlers.py", line 763, in get_login_url
        raise web.HTTPError(403)
    tornado.web.HTTPError: HTTP 403: Forbidden
[W 2026-06-22 04:25:26.929 LabApp] 403 GET /lab/api/workspaces?1782102326897 (@172.19.0.1) 1.00ms referer=http://localhost:8888/lab/tree/04_medallion.ipynb
