docker compose -f docker/docker-compose.yml exec -T spark python /workspace/scripts/verify.py
:: loading settings :: url = jar:file:/usr/local/spark-3.5.0-bin-hadoop3/jars/ivy-2.5.1.jar!/org/apache/ivy/core/settings/ivysettings.xml
Ivy Default Cache set to: /home/jovyan/.ivy2/cache
The jars for the packages stored in: /home/jovyan/.ivy2/jars
io.delta#delta-spark_2.12 added as a dependency
org.apache.hadoop#hadoop-aws added as a dependency
:: resolving dependencies :: org.apache.spark#spark-submit-parent-6a37bd8e-46f5-4915-a182-7d1f70dd6f9e;1.0
	confs: [default]
	found io.delta#delta-spark_2.12;3.2.0 in central
	found io.delta#delta-storage;3.2.0 in central
	found org.antlr#antlr4-runtime;4.9.3 in central
	found org.apache.hadoop#hadoop-aws;3.3.4 in central
	found com.amazonaws#aws-java-sdk-bundle;1.12.262 in central
	found org.wildfly.openssl#wildfly-openssl;1.0.7.Final in central
downloading https://repo1.maven.org/maven2/io/delta/delta-spark_2.12/3.2.0/delta-spark_2.12-3.2.0.jar ...
	[SUCCESSFUL ] io.delta#delta-spark_2.12;3.2.0!delta-spark_2.12.jar (798ms)
downloading https://repo1.maven.org/maven2/org/apache/hadoop/hadoop-aws/3.3.4/hadoop-aws-3.3.4.jar ...
	[SUCCESSFUL ] org.apache.hadoop#hadoop-aws;3.3.4!hadoop-aws.jar (251ms)
downloading https://repo1.maven.org/maven2/io/delta/delta-storage/3.2.0/delta-storage-3.2.0.jar ...
	[SUCCESSFUL ] io.delta#delta-storage;3.2.0!delta-storage.jar (172ms)
downloading https://repo1.maven.org/maven2/org/antlr/antlr4-runtime/4.9.3/antlr4-runtime-4.9.3.jar ...
	[SUCCESSFUL ] org.antlr#antlr4-runtime;4.9.3!antlr4-runtime.jar (178ms)
downloading https://repo1.maven.org/maven2/com/amazonaws/aws-java-sdk-bundle/1.12.262/aws-java-sdk-bundle-1.12.262.jar ...
	[SUCCESSFUL ] com.amazonaws#aws-java-sdk-bundle;1.12.262!aws-java-sdk-bundle.jar (203229ms)
downloading https://repo1.maven.org/maven2/org/wildfly/openssl/wildfly-openssl/1.0.7.Final/wildfly-openssl-1.0.7.Final.jar ...
	[SUCCESSFUL ] org.wildfly.openssl#wildfly-openssl;1.0.7.Final!wildfly-openssl.jar (342ms)
:: resolution report :: resolve 8203ms :: artifacts dl 204975ms
	:: modules in use:
	com.amazonaws#aws-java-sdk-bundle;1.12.262 from central in [default]
	io.delta#delta-spark_2.12;3.2.0 from central in [default]
	io.delta#delta-storage;3.2.0 from central in [default]
	org.antlr#antlr4-runtime;4.9.3 from central in [default]
	org.apache.hadoop#hadoop-aws;3.3.4 from central in [default]
	org.wildfly.openssl#wildfly-openssl;1.0.7.Final from central in [default]
	---------------------------------------------------------------------
	|                  |            modules            ||   artifacts   |
	|       conf       | number| search|dwnlded|evicted|| number|dwnlded|
	---------------------------------------------------------------------
	|      default     |   6   |   6   |   6   |   0   ||   6   |   6   |
	---------------------------------------------------------------------
:: retrieving :: org.apache.spark#spark-submit-parent-6a37bd8e-46f5-4915-a182-7d1f70dd6f9e
	confs: [default]
	6 artifacts copied, 0 already retrieved (281743kB/142ms)
26/06/22 04:49:06 WARN NativeCodeLoader: Unable to load native-hadoop library for your platform... using builtin-java classes where applicable
Setting default log level to "WARN".
To adjust logging level use sc.setLogLevel(newLevel). For SparkR, use setLogLevel(newLevel).
26/06/22 04:49:09 WARN MetricsConfig: Cannot locate configuration: tried hadoop-metrics2-s3a-file-system.properties,hadoop-metrics2.properties
[Stage 0:>                                                        (0 + 32) / 32][Stage 0:====================================>                   (21 + 11) / 32]26/06/22 04:49:11 WARN MemoryManager: Total allocation exceeds 95.00% (1,020,054,720 bytes) of heap memory
Scaling row group sizes to 95.00% for 8 writers
26/06/22 04:49:11 WARN MemoryManager: Total allocation exceeds 95.00% (1,020,054,720 bytes) of heap memory
Scaling row group sizes to 84.44% for 9 writers
26/06/22 04:49:11 WARN MemoryManager: Total allocation exceeds 95.00% (1,020,054,720 bytes) of heap memory
Scaling row group sizes to 76.00% for 10 writers
26/06/22 04:49:11 WARN MemoryManager: Total allocation exceeds 95.00% (1,020,054,720 bytes) of heap memory
Scaling row group sizes to 69.09% for 11 writers
26/06/22 04:49:12 WARN MemoryManager: Total allocation exceeds 95.00% (1,020,054,720 bytes) of heap memory
Scaling row group sizes to 76.00% for 10 writers
26/06/22 04:49:12 WARN MemoryManager: Total allocation exceeds 95.00% (1,020,054,720 bytes) of heap memory
Scaling row group sizes to 84.44% for 9 writers
26/06/22 04:49:12 WARN MemoryManager: Total allocation exceeds 95.00% (1,020,054,720 bytes) of heap memory
Scaling row group sizes to 95.00% for 8 writers
                                                                                26/06/22 04:49:14 WARN SparkStringUtils: Truncated the string representation of a plan since it was too large. This behavior can be adjusted by setting 'spark.sql.debug.maxToStringFields'.
[Stage 5:===================================>                    (32 + 18) / 50]                                                                                26/06/22 04:49:15 WARN MemoryManager: Total allocation exceeds 95.00% (1,020,054,720 bytes) of heap memory
Scaling row group sizes to 95.00% for 8 writers
26/06/22 04:49:15 WARN MemoryManager: Total allocation exceeds 95.00% (1,020,054,720 bytes) of heap memory
Scaling row group sizes to 84.44% for 9 writers
26/06/22 04:49:15 WARN MemoryManager: Total allocation exceeds 95.00% (1,020,054,720 bytes) of heap memory
Scaling row group sizes to 95.00% for 8 writers
26/06/22 04:49:15 WARN MemoryManager: Total allocation exceeds 95.00% (1,020,054,720 bytes) of heap memory
Scaling row group sizes to 84.44% for 9 writers
26/06/22 04:49:15 WARN MemoryManager: Total allocation exceeds 95.00% (1,020,054,720 bytes) of heap memory
Scaling row group sizes to 95.00% for 8 writers
Lakehouse smoke test
  • Boot Spark with Delta
  • Write Delta table to MinIO (s3a://lakehouse/_smoke)
  • Read it back
  • Append + verify time travel (v0 still has 10 rows)
  • DESCRIBE HISTORY shows ≥ 2 versions

All checks passed — lab is ready. Open http://localhost:8888
