:: loading settings :: url = jar:file:/usr/local/spark-3.5.0-bin-hadoop3/jars/ivy-2.5.1.jar!/org/apache/ivy/core/settings/ivysettings.xml
Ivy Default Cache set to: /home/jovyan/.ivy2/cache
The jars for the packages stored in: /home/jovyan/.ivy2/jars
io.delta#delta-spark_2.12 added as a dependency
org.apache.hadoop#hadoop-aws added as a dependency
:: resolving dependencies :: org.apache.spark#spark-submit-parent-a073fe59-f9a3-4fcf-9049-b969a4e064c2;1.0
	confs: [default]
	found io.delta#delta-spark_2.12;3.2.0 in central
	found io.delta#delta-storage;3.2.0 in central
	found org.antlr#antlr4-runtime;4.9.3 in central
	found org.apache.hadoop#hadoop-aws;3.3.4 in central
	found com.amazonaws#aws-java-sdk-bundle;1.12.262 in central
	found org.wildfly.openssl#wildfly-openssl;1.0.7.Final in central
:: resolution report :: resolve 158ms :: artifacts dl 5ms
	:: modules in use:
	com.amazonaws#aws-java-sdk-bundle;1.12.262 from central in [default]
	io.delta#delta-spark_2.12;3.2.0 from central in [default]
	io.delta#delta-storage;3.2.0 from central in [default]
	org.antlr#antlr4-runtime;4.9.3 from central in [default]
	org.apache.hadoop#hadoop-aws;3.3.4 from central in [default]
	org.wildfly.openssl#wildfly-openssl;1.0.7.Final from central in [default]
	---------------------------------------------------------------------
	|                  |            modules            ||   artifacts   |
	|       conf       | number| search|dwnlded|evicted|| number|dwnlded|
	---------------------------------------------------------------------
	|      default     |   6   |   0   |   0   |   0   ||   6   |   0   |
	---------------------------------------------------------------------
:: retrieving :: org.apache.spark#spark-submit-parent-a073fe59-f9a3-4fcf-9049-b969a4e064c2
	confs: [default]
	0 artifacts copied, 6 already retrieved (0kB/5ms)
26/06/22 05:01:09 WARN NativeCodeLoader: Unable to load native-hadoop library for your platform... using builtin-java classes where applicable
Setting default log level to "WARN".
To adjust logging level use sc.setLogLevel(newLevel). For SparkR, use setLogLevel(newLevel).
26/06/22 05:01:12 WARN MetricsConfig: Cannot locate configuration: tried hadoop-metrics2-s3a-file-system.properties,hadoop-metrics2.properties
26/06/22 05:01:15 WARN SparkStringUtils: Truncated the string representation of a plan since it was too large. This behavior can be adjusted by setting 'spark.sql.debug.maxToStringFields'.
[Stage 3:>                                                        (0 + 32) / 50][Stage 3:=====================>                                  (19 + 31) / 50]                                                                                --- SPARK NB1 VERIFY ---
table_path = s3a://lakehouse/users_delta

--- TABLE DATA ---
+---+-------+---+------+-------+
|id |name   |age|city  |tier   |
+---+-------+---+------+-------+
|1  |alice  |30 |Hanoi |NULL   |
|2  |bob    |25 |HCMC  |NULL   |
|3  |charlie|35 |Danang|NULL   |
|4  |dan    |28 |Hue   |premium|
+---+-------+---+------+-------+


--- HISTORY ---
+-------+---------+
|version|operation|
+-------+---------+
|1      |WRITE    |
|0      |WRITE    |
+-------+---------+


--- CHECKS ---
rows = 4
columns = ['id', 'name', 'age', 'city', 'tier']
premium_rows = 1
null_tier_rows = 3
history_count = 2

SPARK NB1 VERIFY PASS
